<?xml version="1.0" encoding="UTF-8"?>
<testng-results ignored="1" total="1" passed="0" failed="0" skipped="0">
  <reporter-output>
  </reporter-output>
  <suite started-at="2022-12-17T12:18:27 IST" name="Failed suite [Default suite]" finished-at="2022-12-17T12:18:27 IST" duration-ms="20">
    <groups>
    </groups>
    <test started-at="2022-12-17T12:18:27 IST" name="Default test(failed)" finished-at="2022-12-17T12:18:27 IST" duration-ms="20">
    </test> <!-- Default test(failed) -->
  </suite> <!-- Failed suite [Default suite] -->
</testng-results>
